<?xml version="1.0" encoding="UTF-8"?>
<testng-results ignored="0" total="1" passed="1" failed="0" skipped="0">
  <reporter-output>
  </reporter-output>
  <suite started-at="2024-03-26T15:07:09 IST" name="Default suite" finished-at="2024-03-26T15:07:10 IST" duration-ms="87">
    <groups>
    </groups>
    <test started-at="2024-03-26T15:07:09 IST" name="Default test" finished-at="2024-03-26T15:07:10 IST" duration-ms="87">
      <class name="com.siddu.groups.ReturnTypesDataProvider">
        <test-method signature="datatypes([Ljava.lang.Integer;)[pri:0, instance:com.siddu.groups.ReturnTypesDataProvider@4d5650ae]" started-at="2024-03-26T15:07:10 IST" name="datatypes" data-provider="Testdata" finished-at="2024-03-26T15:07:10 IST" duration-ms="7" status="PASS">
          <params>
            <param index="0">
              <value>
                <![CDATA[[Ljava.lang.Integer;@49c90a9c]]>
              </value>
            </param>
          </params>
          <reporter-output>
          </reporter-output>
        </test-method> <!-- datatypes -->
      </class> <!-- com.siddu.groups.ReturnTypesDataProvider -->
    </test> <!-- Default test -->
  </suite> <!-- Default suite -->
</testng-results>
