<?xml version="1.0" encoding="UTF-8"?>
<!-- Generated by org.testng.reporters.JUnitXMLReporter -->
<testsuite ignored="0" hostname="LAPTOP-VJHB024D" failures="0" tests="12" name="TestBank" time="0.125" errors="0" timestamp="2024-02-27T15:04:52 IST">
  <testcase classname="com.siddu.groups.TestGroups" name="BaanceInquiry" time="0.013"/>
  <testcase classname="com.siddu.groups.TestGroups" name="Builddeployment" time="0.001"/>
  <testcase classname="com.siddu.groups.TestGroups" name="HistoryUpdated" time="0.001"/>
  <testcase classname="com.siddu.groups.TestGroups" name="Transaction" time="0.001"/>
  <testcase classname="com.siddu.groups.TestGroups" name="insall" time="0.001"/>
  <testcase classname="com.siddu.groups.TestGroups" name="login" time="0.002"/>
  <testcase classname="com.siddu.groups.TestGroups" name="register" time="0.002"/>
  <testcase classname="com.siddu.groups.Testpayee" name="DeletePayee" time="0.001"/>
  <testcase classname="com.siddu.groups.Testpayee" name="Editpayee" time="0.001"/>
  <testcase classname="com.siddu.groups.Testpayee" name="TransferToPayee" time="0.001"/>
  <testcase classname="com.siddu.groups.Testpayee" name="Verifypayee" time="0.003"/>
  <testcase classname="com.siddu.groups.Testpayee" name="addpayee" time="0.002"/>
</testsuite> <!-- TestBank -->
