<?xml version="1.0" encoding="UTF-8"?>
<!-- Generated by org.testng.reporters.JUnitXMLReporter -->
<testsuite ignored="0" hostname="LAPTOP-VJHB024D" failures="1" tests="7" name="DependencyTest" time="0.11" errors="0" timestamp="2024-03-05T13:08:10 IST">
  <testcase classname="com.siddu.groups.GroupDependencies" name="Test1" time="0.009"/>
  <testcase classname="com.siddu.groups.GroupDependencies" name="Test2" time="0.003"/>
  <testcase classname="com.siddu.groups.GroupDependencies" name="Test3" time="0.001"/>
  <testcase classname="com.siddu.groups.GroupDependencies" name="Test4" time="0.001"/>
  <testcase classname="com.siddu.groups.GroupDependencies" name="Test5" time="0.002">
    <failure type="java.lang.ArithmeticException" message="/ by zero">
      <![CDATA[java.lang.ArithmeticException: / by zero
at com.siddu.groups.GroupDependencies.Test5(GroupDependencies.java:33)
at java.base/java.util.ArrayList.forEach(ArrayList.java:1511)
... Removed 27 stack frames]]>
    </failure>
  </testcase> <!-- Test5 -->
  <testcase classname="com.siddu.groups.GroupDependencies" name="Test6" time="0.0">
    <skipped/>
  </testcase> <!-- Test6 -->
  <testcase classname="com.siddu.groups.GroupDependencies" name="Test7" time="0.0">
    <skipped/>
  </testcase> <!-- Test7 -->
</testsuite> <!-- DependencyTest -->
