<?xml version="1.0" encoding="UTF-8"?>
<!-- Generated by org.testng.reporters.JUnitXMLReporter -->
<testsuite ignored="2" hostname="LAPTOP-VJHB024D" failures="1" tests="1" name="Test1" time="19.607" errors="0" timestamp="2024-03-13T10:25:38 IST">
  <testcase classname="com.siddu.TakeScreenshots.Facebook" name="Facebooklogin" time="15.54">
    <failure type="java.lang.AssertionError" message="The following asserts failed:
	Error mssage is mismatched expected [The mobile number you entered isn&amp;apos;t connected to an account. Create a new Facebook account.
] but found [The email address or mobile number you entered isn&amp;apos;t connected to an account. Find your account and log in.],
	Border is mismatched expected [1px solid rgb(240,40,73)] but found [0.8px solid rgb(240, 40, 73)]">
      <![CDATA[java.lang.AssertionError: The following asserts failed:
Error mssage is mismatched expected [The mobile number you entered isn't connected to an account. Create a new Facebook account.
] but found [The email address or mobile number you entered isn't connected to an account. Find your account and log in.],
Border is mismatched expected [1px solid rgb(240,40,73)] but found [0.8px solid rgb(240, 40, 73)]
at com.siddu.TakeScreenshots.Facebook.Facebooklogin(Facebook.java:56)
at java.base/java.util.ArrayList.forEach(ArrayList.java:1511)
... Removed 29 stack frames]]>
    </failure>
  </testcase> <!-- Facebooklogin -->
  <testcase classname="com.siddu.TakeScreenshots.Facebook" name="HrmLogin" time="0.0">
    <ignored/>
  </testcase> <!-- HrmLogin -->
  <testcase classname="com.siddu.TakeScreenshots.Facebook" name="Testgoogle" time="0.0">
    <ignored/>
  </testcase> <!-- Testgoogle -->
</testsuite> <!-- Test1 -->
