<?xml version="1.0" encoding="UTF-8"?>
<!-- Generated by org.testng.reporters.JUnitXMLReporter -->
<testsuite ignored="3" hostname="LAPTOP-VJHB024D" failures="1" tests="2" name="Test" time="0.094" errors="0" timestamp="2024-03-11T14:25:00 IST">
  <testcase classname="com.siddu.listeners.NormalTestMethods" name="TestMethod2" time="0.012"/>
  <testcase classname="com.siddu.listeners.NormalTestMethods" name="TestMethod4" time="0.012">
    <failure type="java.lang.ArithmeticException" message="/ by zero">
      <![CDATA[java.lang.ArithmeticException: / by zero
at com.siddu.listeners.NormalTestMethods.TestMethod4(NormalTestMethods.java:24)
at java.base/java.util.concurrent.Executors$RunnableAdapter.call(Executors.java:539)
at java.base/java.util.concurrent.FutureTask.run(FutureTask.java:264)
at java.base/java.util.concurrent.ThreadPoolExecutor.runWorker(ThreadPoolExecutor.java:1136)
at java.base/java.util.concurrent.ThreadPoolExecutor$Worker.run(ThreadPoolExecutor.java:635)
at java.base/java.lang.Thread.run(Thread.java:833)
... Removed 13 stack frames]]>
    </failure>
  </testcase> <!-- TestMethod4 -->
  <testcase classname="com.siddu.listeners.NormalTestMethods" name="TestMethod5" time="0.0">
    <ignored/>
  </testcase> <!-- TestMethod5 -->
  <testcase classname="com.siddu.listeners.NormalTestMethods" name="TestMethod6" time="0.0">
    <ignored/>
  </testcase> <!-- TestMethod6 -->
  <testcase classname="com.siddu.listeners.NormalTestMethods" name="TestMethod3" time="0.0">
    <ignored/>
  </testcase> <!-- TestMethod3 -->
</testsuite> <!-- Test -->
