<?xml version="1.0" encoding="UTF-8"?>
<!-- Generated by org.testng.reporters.JUnitXMLReporter -->
<testsuite ignored="1" hostname="LAPTOP-VJHB024D" failures="1" tests="2" name="Test2" time="52.797" errors="0" timestamp="2024-03-13T10:26:31 IST">
  <testcase classname="com.siddu.TakeScreenshots.Facebook" name="HrmLogin" time="45.55"/>
  <testcase classname="com.siddu.TakeScreenshots.Facebook" name="Testgoogle" time="4.288">
    <failure type="java.lang.AssertionError" message="Title is mismatched expected [Hyr Tutorial - Google Search] but found [Hyr Tutorials - Google Search]">
      <![CDATA[java.lang.AssertionError: Title is mismatched expected [Hyr Tutorial - Google Search] but found [Hyr Tutorials - Google Search]
at com.siddu.TakeScreenshots.Facebook.Testgoogle(Facebook.java:76)
at java.base/java.util.ArrayList.forEach(ArrayList.java:1511)
... Removed 32 stack frames]]>
    </failure>
  </testcase> <!-- Testgoogle -->
  <testcase classname="com.siddu.TakeScreenshots.Facebook" name="Facebooklogin" time="0.0">
    <ignored/>
  </testcase> <!-- Facebooklogin -->
</testsuite> <!-- Test2 -->
